network@asterix:/etc/bind$ cat db.edu.hm.cs.netze1 
$TTL	604800
@	IN	SOA	s.netze1.cs.hm.edu. admin.s.netze1.cs.hm.edu. (
		1	; Serial
		604800	; Refresh
		86400	; Retry
		2419200	; Expire
		604800	; Negative Cache TTL
)

@		IN	NS	s.netze1.cs.hm.edu.
a		IN	A	10.0.2.13
b		IN	A	10.0.2.14
s		IN	A	10.0.2.15
@		IN	MX	10	mailserver.netze1.cs.hm.edu.
mailserver	IN	CNAME	s.netze1.cs.hm.edu.
network@asterix:/etc/bind$ cat db.0.10 
$TTL	604800
@	IN	SOA	s.netze1.cs.hm.edu. admin.s.netze1.cs.hm.edu. (
		1	; Serial
		604800	; Refresh
		86400	; Retry
		2419200	; Expire
		604800	; Negative Cache TTL
)

@		IN	NS	s.netze1.cs.hm.edu.
13.2		IN	PTR	a.netze1.cs.hm.edu.
14.2		IN	PTR	b.netze1.cs.hm.edu.
15.2		IN	PTR	s.netze1.cs.hm.edu.
network@asterix:/etc/bind$ cat named.conf.local
//
// Do any local configuration here
//

// Consider adding the 1918 zones here, if they are not used in your
// organization
//include "/etc/bind/zones.rfc1918";

zone "netze1.cs.hm.edu" {
  type master;
  file "/etc/bind/db.edu.hm.cs.netze1";
};

zone "0.10.in-addr.arpa" {
  type master;
  file "/etc/bind/db.0.10";
};

network@asterix:/etc/bind$ cat named.conf.options 

options {
	directory "/var/cache/bind";

	// If there is a firewall between you and nameservers you want
	// to talk to, you may need to fix the firewall to allow multiple
	// ports to talk.  See http://www.kb.cert.org/vuls/id/800113

	// If your ISP provided one or more IP addresses for stable 
	// nameservers, you probably want to use them as forwarders.  
	// Uncomment the following block, and insert the addresses replacing 
	// the all-0's placeholder.

	 forwarders {
		8.8.8.8;
		8.8.4.4;
	 };

	//========================================================================
	// If BIND logs error messages about the root key being expired,
	// you will need to update your keys.  See https://www.isc.org/bind-keys
	//========================================================================
	dnssec-validation auto;

	auth-nxdomain no;    # conform to RFC1035
	listen-on-v6 { any; };
};


